{"C:\\Users\\omega\\.gemini\\antigravity\\scratch\\AuraFreq-iOS\\src\\audio\\binauralMath.ts": {"path":"C:\\Users\\omega\\.gemini\\antigravity\\scratch\\AuraFreq-iOS\\src\\audio\\binauralMath.ts","statementMap":{"0":{"start":{"line":27,"column":0},"end":{"line":27,"column":16}},"1":{"start":{"line":59,"column":0},"end":{"line":59,"column":16}},"2":{"start":{"line":86,"column":0},"end":{"line":86,"column":16}},"3":{"start":{"line":94,"column":0},"end":{"line":94,"column":16}},"4":{"start":{"line":101,"column":0},"end":{"line":101,"column":16}},"5":{"start":{"line":123,"column":0},"end":{"line":123,"column":16}},"6":{"start":{"line":1,"column":0},"end":{"line":1,"column":70}},"7":{"start":{"line":31,"column":22},"end":{"line":31,"column":68}},"8":{"start":{"line":32,"column":19},"end":{"line":32,"column":62}},"9":{"start":{"line":34,"column":24},"end":{"line":34,"column":71}},"10":{"start":{"line":35,"column":25},"end":{"line":35,"column":72}},"11":{"start":{"line":36,"column":22},"end":{"line":36,"column":73}},"12":{"start":{"line":39,"column":23},"end":{"line":41,"column":11}},"13":{"start":{"line":40,"column":14},"end":{"line":40,"column":65}},"14":{"start":{"line":43,"column":35},"end":{"line":43,"column":86}},"15":{"start":{"line":45,"column":2},"end":{"line":53,"column":4}},"16":{"start":{"line":63,"column":22},"end":{"line":63,"column":68}},"17":{"start":{"line":64,"column":20},"end":{"line":64,"column":64}},"18":{"start":{"line":66,"column":23},"end":{"line":68,"column":11}},"19":{"start":{"line":67,"column":14},"end":{"line":67,"column":67}},"20":{"start":{"line":70,"column":24},"end":{"line":70,"column":58}},"21":{"start":{"line":71,"column":31},"end":{"line":71,"column":34}},"22":{"start":{"line":73,"column":2},"end":{"line":80,"column":4}},"23":{"start":{"line":87,"column":17},"end":{"line":87,"column":60}},"24":{"start":{"line":88,"column":2},"end":{"line":88,"column":48}},"25":{"start":{"line":95,"column":2},"end":{"line":95,"column":65}},"26":{"start":{"line":106,"column":17},"end":{"line":106,"column":33}},"27":{"start":{"line":107,"column":21},"end":{"line":107,"column":23}},"28":{"start":{"line":108,"column":26},"end":{"line":108,"column":28}},"29":{"start":{"line":110,"column":2},"end":{"line":115,"column":3}},"30":{"start":{"line":110,"column":15},"end":{"line":110,"column":16}},"31":{"start":{"line":111,"column":21},"end":{"line":111,"column":35}},"32":{"start":{"line":113,"column":19},"end":{"line":113,"column":57}},"33":{"start":{"line":114,"column":4},"end":{"line":114,"column":83}},"34":{"start":{"line":117,"column":2},"end":{"line":117,"column":39}},"35":{"start":{"line":130,"column":2},"end":{"line":130,"column":53}},"36":{"start":{"line":130,"column":40},"end":{"line":130,"column":53}},"37":{"start":{"line":132,"column":2},"end":{"line":132,"column":47}},"38":{"start":{"line":132,"column":34},"end":{"line":132,"column":47}},"39":{"start":{"line":133,"column":2},"end":{"line":133,"column":61}},"40":{"start":{"line":133,"column":48},"end":{"line":133,"column":61}},"41":{"start":{"line":134,"column":2},"end":{"line":134,"column":55}},"42":{"start":{"line":134,"column":42},"end":{"line":134,"column":55}},"43":{"start":{"line":135,"column":2},"end":{"line":135,"column":14}}},"fnMap":{"0":{"name":"calculateBinauralFrequencies","decl":{"start":{"line":27,"column":16},"end":{"line":27,"column":44}},"loc":{"start":{"line":29,"column":23},"end":{"line":54,"column":1}}},"1":{"name":"(anonymous_1)","decl":{"start":{"line":40,"column":4},"end":{"line":40,"column":5}},"loc":{"start":{"line":40,"column":14},"end":{"line":40,"column":65}}},"2":{"name":"calculateIsochronicPulse","decl":{"start":{"line":59,"column":16},"end":{"line":59,"column":40}},"loc":{"start":{"line":61,"column":24},"end":{"line":81,"column":1}}},"3":{"name":"(anonymous_3)","decl":{"start":{"line":67,"column":4},"end":{"line":67,"column":5}},"loc":{"start":{"line":67,"column":14},"end":{"line":67,"column":67}}},"4":{"name":"validateFrequencyGate1","decl":{"start":{"line":86,"column":16},"end":{"line":86,"column":38}},"loc":{"start":{"line":86,"column":68},"end":{"line":89,"column":1}}},"5":{"name":"validateStereoIsolationGate2","decl":{"start":{"line":94,"column":16},"end":{"line":94,"column":44}},"loc":{"start":{"line":94,"column":80},"end":{"line":96,"column":1}}},"6":{"name":"calculateEnvelopeRamp","decl":{"start":{"line":101,"column":16},"end":{"line":101,"column":37}},"loc":{"start":{"line":104,"column":25},"end":{"line":118,"column":1}}},"7":{"name":"validateMultiLayerSafety","decl":{"start":{"line":123,"column":16},"end":{"line":123,"column":40}},"loc":{"start":{"line":127,"column":19},"end":{"line":136,"column":1}}}},"branchMap":{"0":{"loc":{"start":{"line":39,"column":23},"end":{"line":41,"column":11}},"type":"binary-expr","locations":[{"start":{"line":39,"column":23},"end":{"line":40,"column":null}},{"start":{"line":41,"column":7},"end":{"line":41,"column":11}}]},"1":{"loc":{"start":{"line":40,"column":14},"end":{"line":40,"column":65}},"type":"binary-expr","locations":[{"start":{"line":40,"column":14},"end":{"line":40,"column":38}},{"start":{"line":40,"column":42},"end":{"line":40,"column":65}}]},"2":{"loc":{"start":{"line":66,"column":23},"end":{"line":68,"column":11}},"type":"binary-expr","locations":[{"start":{"line":66,"column":23},"end":{"line":67,"column":null}},{"start":{"line":68,"column":7},"end":{"line":68,"column":11}}]},"3":{"loc":{"start":{"line":67,"column":14},"end":{"line":67,"column":67}},"type":"binary-expr","locations":[{"start":{"line":67,"column":14},"end":{"line":67,"column":39}},{"start":{"line":67,"column":43},"end":{"line":67,"column":67}}]},"4":{"loc":{"start":{"line":95,"column":9},"end":{"line":95,"column":64}},"type":"binary-expr","locations":[{"start":{"line":95,"column":9},"end":{"line":95,"column":31}},{"start":{"line":95,"column":35},"end":{"line":95,"column":47}},{"start":{"line":95,"column":51},"end":{"line":95,"column":64}}]},"5":{"loc":{"start":{"line":104,"column":2},"end":{"line":104,"column":25}},"type":"default-arg","locations":[{"start":{"line":104,"column":23},"end":{"line":104,"column":25}}]},"6":{"loc":{"start":{"line":130,"column":2},"end":{"line":130,"column":53}},"type":"if","locations":[{"start":{"line":130,"column":2},"end":{"line":130,"column":53}},{"start":{},"end":{}}]},"7":{"loc":{"start":{"line":130,"column":6},"end":{"line":130,"column":38}},"type":"binary-expr","locations":[{"start":{"line":130,"column":6},"end":{"line":130,"column":21}},{"start":{"line":130,"column":25},"end":{"line":130,"column":38}}]},"8":{"loc":{"start":{"line":132,"column":2},"end":{"line":132,"column":47}},"type":"if","locations":[{"start":{"line":132,"column":2},"end":{"line":132,"column":47}},{"start":{},"end":{}}]},"9":{"loc":{"start":{"line":132,"column":6},"end":{"line":132,"column":32}},"type":"binary-expr","locations":[{"start":{"line":132,"column":6},"end":{"line":132,"column":17}},{"start":{"line":132,"column":21},"end":{"line":132,"column":32}}]},"10":{"loc":{"start":{"line":133,"column":2},"end":{"line":133,"column":61}},"type":"if","locations":[{"start":{"line":133,"column":2},"end":{"line":133,"column":61}},{"start":{},"end":{}}]},"11":{"loc":{"start":{"line":133,"column":6},"end":{"line":133,"column":46}},"type":"binary-expr","locations":[{"start":{"line":133,"column":6},"end":{"line":133,"column":24}},{"start":{"line":133,"column":28},"end":{"line":133,"column":46}}]},"12":{"loc":{"start":{"line":134,"column":2},"end":{"line":134,"column":55}},"type":"if","locations":[{"start":{"line":134,"column":2},"end":{"line":134,"column":55}},{"start":{},"end":{}}]},"13":{"loc":{"start":{"line":134,"column":6},"end":{"line":134,"column":40}},"type":"binary-expr","locations":[{"start":{"line":134,"column":6},"end":{"line":134,"column":21}},{"start":{"line":134,"column":25},"end":{"line":134,"column":40}}]}},"s":{"0":1,"1":1,"2":1,"3":1,"4":1,"5":1,"6":1,"7":13,"8":13,"9":13,"10":13,"11":13,"12":13,"13":47,"14":13,"15":13,"16":2,"17":2,"18":2,"19":5,"20":2,"21":2,"22":2,"23":1,"24":1,"25":5,"26":6,"27":6,"28":6,"29":6,"30":6,"31":66,"32":66,"33":66,"34":6,"35":9,"36":2,"37":7,"38":2,"39":5,"40":1,"41":4,"42":1,"43":3},"f":{"0":13,"1":47,"2":2,"3":5,"4":1,"5":5,"6":6,"7":9},"b":{"0":[13,4],"1":[47,37],"2":[2,0],"3":[5,5],"4":[5,4,2],"5":[0],"6":[2,7],"7":[9,8],"8":[2,5],"9":[7,6],"10":[1,4],"11":[5,4],"12":[1,3],"13":[4,3]}}
,"C:\\Users\\omega\\.gemini\\antigravity\\scratch\\AuraFreq-iOS\\src\\audio\\dspEngine.ts": {"path":"C:\\Users\\omega\\.gemini\\antigravity\\scratch\\AuraFreq-iOS\\src\\audio\\dspEngine.ts","statementMap":{"0":{"start":{"line":8,"column":0},"end":{"line":8,"column":null}},"1":{"start":{"line":15,"column":42},"end":{"line":15,"column":46}},"2":{"start":{"line":16,"column":31},"end":{"line":16,"column":36}},"3":{"start":{"line":19,"column":40},"end":{"line":19,"column":44}},"4":{"start":{"line":20,"column":54},"end":{"line":20,"column":58}},"5":{"start":{"line":21,"column":42},"end":{"line":21,"column":46}},"6":{"start":{"line":24,"column":43},"end":{"line":24,"column":47}},"7":{"start":{"line":25,"column":38},"end":{"line":25,"column":42}},"8":{"start":{"line":28,"column":45},"end":{"line":28,"column":49}},"9":{"start":{"line":30,"column":43},"end":{"line":30,"column":47}},"10":{"start":{"line":31,"column":43},"end":{"line":31,"column":47}},"11":{"start":{"line":32,"column":38},"end":{"line":32,"column":42}},"12":{"start":{"line":33,"column":38},"end":{"line":33,"column":42}},"13":{"start":{"line":34,"column":48},"end":{"line":34,"column":52}},"14":{"start":{"line":36,"column":49},"end":{"line":36,"column":53}},"15":{"start":{"line":37,"column":40},"end":{"line":37,"column":44}},"16":{"start":{"line":38,"column":42},"end":{"line":38,"column":46}},"17":{"start":{"line":39,"column":40},"end":{"line":39,"column":44}},"18":{"start":{"line":42,"column":52},"end":{"line":42,"column":56}},"19":{"start":{"line":43,"column":37},"end":{"line":43,"column":41}},"20":{"start":{"line":44,"column":47},"end":{"line":44,"column":51}},"21":{"start":{"line":45,"column":42},"end":{"line":45,"column":46}},"22":{"start":{"line":47,"column":49},"end":{"line":61,"column":4}},"23":{"start":{"line":66,"column":4},"end":{"line":77,"column":5}},"24":{"start":{"line":68,"column":8},"end":{"line":71,"column":12}},"25":{"start":{"line":73,"column":6},"end":{"line":75,"column":7}},"26":{"start":{"line":74,"column":8},"end":{"line":74,"column":79}},"27":{"start":{"line":76,"column":6},"end":{"line":76,"column":42}},"28":{"start":{"line":78,"column":4},"end":{"line":80,"column":5}},"29":{"start":{"line":79,"column":6},"end":{"line":79,"column":29}},"30":{"start":{"line":81,"column":4},"end":{"line":81,"column":25}},"31":{"start":{"line":85,"column":4},"end":{"line":85,"column":26}},"32":{"start":{"line":89,"column":4},"end":{"line":89,"column":37}},"33":{"start":{"line":96,"column":4},"end":{"line":98,"column":5}},"34":{"start":{"line":97,"column":6},"end":{"line":97,"column":64}},"35":{"start":{"line":100,"column":4},"end":{"line":103,"column":5}},"36":{"start":{"line":102,"column":6},"end":{"line":102,"column":24}},"37":{"start":{"line":105,"column":16},"end":{"line":105,"column":39}},"38":{"start":{"line":106,"column":16},"end":{"line":106,"column":31}},"39":{"start":{"line":109,"column":4},"end":{"line":109,"column":53}},"40":{"start":{"line":110,"column":4},"end":{"line":110,"column":56}},"41":{"start":{"line":111,"column":4},"end":{"line":111,"column":51}},"42":{"start":{"line":112,"column":4},"end":{"line":112,"column":52}},"43":{"start":{"line":113,"column":4},"end":{"line":113,"column":54}},"44":{"start":{"line":114,"column":4},"end":{"line":114,"column":54}},"45":{"start":{"line":116,"column":4},"end":{"line":116,"column":39}},"46":{"start":{"line":117,"column":4},"end":{"line":117,"column":53}},"47":{"start":{"line":118,"column":23},"end":{"line":118,"column":87}},"48":{"start":{"line":119,"column":4},"end":{"line":119,"column":73}},"49":{"start":{"line":121,"column":4},"end":{"line":121,"column":41}},"50":{"start":{"line":122,"column":4},"end":{"line":122,"column":32}},"51":{"start":{"line":124,"column":4},"end":{"line":124,"column":45}},"52":{"start":{"line":125,"column":4},"end":{"line":125,"column":43}},"53":{"start":{"line":126,"column":4},"end":{"line":126,"column":43}},"54":{"start":{"line":129,"column":4},"end":{"line":131,"column":5}},"55":{"start":{"line":130,"column":6},"end":{"line":130,"column":31}},"56":{"start":{"line":134,"column":4},"end":{"line":136,"column":5}},"57":{"start":{"line":135,"column":6},"end":{"line":135,"column":38}},"58":{"start":{"line":139,"column":4},"end":{"line":141,"column":5}},"59":{"start":{"line":140,"column":6},"end":{"line":140,"column":63}},"60":{"start":{"line":143,"column":4},"end":{"line":143,"column":26}},"61":{"start":{"line":147,"column":4},"end":{"line":147,"column":51}},"62":{"start":{"line":147,"column":44},"end":{"line":147,"column":51}},"63":{"start":{"line":148,"column":16},"end":{"line":148,"column":29}},"64":{"start":{"line":150,"column":4},"end":{"line":150,"column":42}},"65":{"start":{"line":151,"column":4},"end":{"line":151,"column":52}},"66":{"start":{"line":152,"column":4},"end":{"line":152,"column":81}},"67":{"start":{"line":154,"column":4},"end":{"line":154,"column":37}},"68":{"start":{"line":155,"column":4},"end":{"line":155,"column":80}},"69":{"start":{"line":157,"column":4},"end":{"line":157,"column":40}},"70":{"start":{"line":158,"column":4},"end":{"line":158,"column":43}},"71":{"start":{"line":159,"column":4},"end":{"line":159,"column":28}},"72":{"start":{"line":163,"column":4},"end":{"line":163,"column":51}},"73":{"start":{"line":163,"column":44},"end":{"line":163,"column":51}},"74":{"start":{"line":164,"column":16},"end":{"line":164,"column":29}},"75":{"start":{"line":166,"column":4},"end":{"line":166,"column":44}},"76":{"start":{"line":167,"column":4},"end":{"line":167,"column":94}},"77":{"start":{"line":168,"column":4},"end":{"line":168,"column":50}},"78":{"start":{"line":170,"column":4},"end":{"line":225,"column":5}},"79":{"start":{"line":172,"column":19},"end":{"line":174,"column":null}},"80":{"start":{"line":177,"column":6},"end":{"line":177,"column":50}},"81":{"start":{"line":179,"column":6},"end":{"line":179,"column":44}},"82":{"start":{"line":180,"column":6},"end":{"line":180,"column":33}},"83":{"start":{"line":181,"column":6},"end":{"line":181,"column":69}},"84":{"start":{"line":183,"column":6},"end":{"line":183,"column":39}},"85":{"start":{"line":184,"column":6},"end":{"line":184,"column":50}},"86":{"start":{"line":185,"column":6},"end":{"line":185,"column":42}},"87":{"start":{"line":186,"column":6},"end":{"line":186,"column":50}},"88":{"start":{"line":188,"column":6},"end":{"line":188,"column":44}},"89":{"start":{"line":189,"column":6},"end":{"line":189,"column":33}},"90":{"start":{"line":190,"column":6},"end":{"line":190,"column":70}},"91":{"start":{"line":192,"column":6},"end":{"line":192,"column":39}},"92":{"start":{"line":193,"column":6},"end":{"line":193,"column":50}},"93":{"start":{"line":194,"column":6},"end":{"line":194,"column":42}},"94":{"start":{"line":195,"column":6},"end":{"line":195,"column":50}},"95":{"start":{"line":197,"column":6},"end":{"line":197,"column":51}},"96":{"start":{"line":198,"column":6},"end":{"line":198,"column":30}},"97":{"start":{"line":199,"column":6},"end":{"line":199,"column":30}},"98":{"start":{"line":202,"column":6},"end":{"line":202,"column":50}},"99":{"start":{"line":203,"column":6},"end":{"line":203,"column":39}},"100":{"start":{"line":204,"column":6},"end":{"line":204,"column":92}},"101":{"start":{"line":206,"column":6},"end":{"line":206,"column":41}},"102":{"start":{"line":207,"column":6},"end":{"line":207,"column":52}},"103":{"start":{"line":210,"column":6},"end":{"line":210,"column":43}},"104":{"start":{"line":211,"column":6},"end":{"line":211,"column":32}},"105":{"start":{"line":212,"column":6},"end":{"line":212,"column":82}},"106":{"start":{"line":214,"column":6},"end":{"line":214,"column":41}},"107":{"start":{"line":215,"column":6},"end":{"line":215,"column":52}},"108":{"start":{"line":217,"column":6},"end":{"line":217,"column":43}},"109":{"start":{"line":218,"column":6},"end":{"line":218,"column":52}},"110":{"start":{"line":220,"column":6},"end":{"line":220,"column":50}},"111":{"start":{"line":221,"column":6},"end":{"line":221,"column":52}},"112":{"start":{"line":223,"column":6},"end":{"line":223,"column":36}},"113":{"start":{"line":224,"column":6},"end":{"line":224,"column":29}},"114":{"start":{"line":229,"column":4},"end":{"line":229,"column":70}},"115":{"start":{"line":229,"column":63},"end":{"line":229,"column":70}},"116":{"start":{"line":230,"column":16},"end":{"line":230,"column":29}},"117":{"start":{"line":231,"column":16},"end":{"line":231,"column":31}},"118":{"start":{"line":233,"column":23},"end":{"line":233,"column":41}},"119":{"start":{"line":234,"column":19},"end":{"line":234,"column":66}},"120":{"start":{"line":235,"column":17},"end":{"line":235,"column":41}},"121":{"start":{"line":237,"column":4},"end":{"line":262,"column":5}},"122":{"start":{"line":238,"column":6},"end":{"line":240,"column":7}},"123":{"start":{"line":238,"column":19},"end":{"line":238,"column":20}},"124":{"start":{"line":239,"column":8},"end":{"line":239,"column":40}},"125":{"start":{"line":241,"column":11},"end":{"line":262,"column":5}},"126":{"start":{"line":242,"column":15},"end":{"line":242,"column":16}},"127":{"start":{"line":242,"column":23},"end":{"line":242,"column":24}},"128":{"start":{"line":242,"column":31},"end":{"line":242,"column":32}},"129":{"start":{"line":242,"column":39},"end":{"line":242,"column":40}},"130":{"start":{"line":242,"column":47},"end":{"line":242,"column":48}},"131":{"start":{"line":242,"column":55},"end":{"line":242,"column":56}},"132":{"start":{"line":242,"column":63},"end":{"line":242,"column":64}},"133":{"start":{"line":243,"column":6},"end":{"line":253,"column":7}},"134":{"start":{"line":243,"column":19},"end":{"line":243,"column":20}},"135":{"start":{"line":244,"column":22},"end":{"line":244,"column":43}},"136":{"start":{"line":245,"column":8},"end":{"line":245,"column":46}},"137":{"start":{"line":246,"column":8},"end":{"line":246,"column":46}},"138":{"start":{"line":247,"column":8},"end":{"line":247,"column":46}},"139":{"start":{"line":248,"column":8},"end":{"line":248,"column":46}},"140":{"start":{"line":249,"column":8},"end":{"line":249,"column":46}},"141":{"start":{"line":250,"column":8},"end":{"line":250,"column":46}},"142":{"start":{"line":251,"column":8},"end":{"line":251,"column":77}},"143":{"start":{"line":252,"column":8},"end":{"line":252,"column":30}},"144":{"start":{"line":254,"column":11},"end":{"line":262,"column":5}},"145":{"start":{"line":255,"column":20},"end":{"line":255,"column":23}},"146":{"start":{"line":256,"column":6},"end":{"line":261,"column":7}},"147":{"start":{"line":256,"column":19},"end":{"line":256,"column":20}},"148":{"start":{"line":257,"column":22},"end":{"line":257,"column":43}},"149":{"start":{"line":258,"column":8},"end":{"line":258,"column":50}},"150":{"start":{"line":259,"column":8},"end":{"line":259,"column":26}},"151":{"start":{"line":260,"column":8},"end":{"line":260,"column":23}},"152":{"start":{"line":264,"column":4},"end":{"line":264,"column":46}},"153":{"start":{"line":265,"column":4},"end":{"line":265,"column":35}},"154":{"start":{"line":266,"column":4},"end":{"line":266,"column":31}},"155":{"start":{"line":268,"column":4},"end":{"line":268,"column":36}},"156":{"start":{"line":269,"column":4},"end":{"line":269,"column":84}},"157":{"start":{"line":271,"column":4},"end":{"line":297,"column":5}},"158":{"start":{"line":273,"column":6},"end":{"line":273,"column":48}},"159":{"start":{"line":274,"column":6},"end":{"line":274,"column":39}},"160":{"start":{"line":275,"column":6},"end":{"line":275,"column":56}},"161":{"start":{"line":276,"column":6},"end":{"line":276,"column":45}},"162":{"start":{"line":277,"column":6},"end":{"line":277,"column":43}},"163":{"start":{"line":278,"column":11},"end":{"line":297,"column":5}},"164":{"start":{"line":280,"column":6},"end":{"line":280,"column":48}},"165":{"start":{"line":281,"column":6},"end":{"line":281,"column":38}},"166":{"start":{"line":282,"column":6},"end":{"line":282,"column":56}},"167":{"start":{"line":284,"column":6},"end":{"line":284,"column":43}},"168":{"start":{"line":285,"column":6},"end":{"line":285,"column":54}},"169":{"start":{"line":287,"column":22},"end":{"line":287,"column":38}},"170":{"start":{"line":288,"column":6},"end":{"line":288,"column":44}},"171":{"start":{"line":289,"column":6},"end":{"line":289,"column":35}},"172":{"start":{"line":290,"column":6},"end":{"line":290,"column":48}},"173":{"start":{"line":291,"column":6},"end":{"line":291,"column":29}},"174":{"start":{"line":293,"column":6},"end":{"line":293,"column":45}},"175":{"start":{"line":294,"column":6},"end":{"line":294,"column":43}},"176":{"start":{"line":296,"column":6},"end":{"line":296,"column":43}},"177":{"start":{"line":299,"column":4},"end":{"line":299,"column":42}},"178":{"start":{"line":300,"column":4},"end":{"line":300,"column":30}},"179":{"start":{"line":307,"column":4},"end":{"line":309,"column":5}},"180":{"start":{"line":308,"column":6},"end":{"line":308,"column":67}},"181":{"start":{"line":310,"column":4},"end":{"line":310,"column":50}},"182":{"start":{"line":310,"column":43},"end":{"line":310,"column":50}},"183":{"start":{"line":312,"column":16},"end":{"line":312,"column":29}},"184":{"start":{"line":313,"column":16},"end":{"line":313,"column":31}},"185":{"start":{"line":316,"column":4},"end":{"line":319,"column":5}},"186":{"start":{"line":317,"column":25},"end":{"line":317,"column":89}},"187":{"start":{"line":318,"column":6},"end":{"line":318,"column":66}},"188":{"start":{"line":322,"column":4},"end":{"line":325,"column":5}},"189":{"start":{"line":323,"column":16},"end":{"line":323,"column":93}},"190":{"start":{"line":324,"column":6},"end":{"line":324,"column":55}},"191":{"start":{"line":326,"column":4},"end":{"line":329,"column":5}},"192":{"start":{"line":327,"column":6},"end":{"line":327,"column":54}},"193":{"start":{"line":328,"column":6},"end":{"line":328,"column":90}},"194":{"start":{"line":332,"column":4},"end":{"line":335,"column":5}},"195":{"start":{"line":333,"column":16},"end":{"line":333,"column":107}},"196":{"start":{"line":334,"column":6},"end":{"line":334,"column":62}},"197":{"start":{"line":336,"column":4},"end":{"line":350,"column":5}},"198":{"start":{"line":337,"column":19},"end":{"line":339,"column":null}},"199":{"start":{"line":341,"column":6},"end":{"line":341,"column":94}},"200":{"start":{"line":341,"column":24},"end":{"line":341,"column":94}},"201":{"start":{"line":342,"column":6},"end":{"line":342,"column":95}},"202":{"start":{"line":342,"column":24},"end":{"line":342,"column":95}},"203":{"start":{"line":344,"column":6},"end":{"line":346,"column":7}},"204":{"start":{"line":345,"column":8},"end":{"line":345,"column":101}},"205":{"start":{"line":347,"column":6},"end":{"line":349,"column":7}},"206":{"start":{"line":348,"column":8},"end":{"line":348,"column":91}},"207":{"start":{"line":353,"column":4},"end":{"line":356,"column":5}},"208":{"start":{"line":354,"column":16},"end":{"line":354,"column":110}},"209":{"start":{"line":355,"column":6},"end":{"line":355,"column":54}},"210":{"start":{"line":363,"column":4},"end":{"line":363,"column":50}},"211":{"start":{"line":363,"column":43},"end":{"line":363,"column":50}},"212":{"start":{"line":365,"column":16},"end":{"line":365,"column":29}},"213":{"start":{"line":366,"column":16},"end":{"line":366,"column":31}},"214":{"start":{"line":367,"column":25},"end":{"line":367,"column":29}},"215":{"start":{"line":369,"column":4},"end":{"line":372,"column":5}},"216":{"start":{"line":370,"column":6},"end":{"line":370,"column":75}},"217":{"start":{"line":371,"column":6},"end":{"line":371,"column":84}},"218":{"start":{"line":374,"column":4},"end":{"line":406,"column":7}},"219":{"start":{"line":375,"column":6},"end":{"line":405,"column":39}},"220":{"start":{"line":376,"column":8},"end":{"line":402,"column":9}},"221":{"start":{"line":377,"column":10},"end":{"line":377,"column":100}},"222":{"start":{"line":377,"column":30},"end":{"line":377,"column":50}},"223":{"start":{"line":377,"column":51},"end":{"line":377,"column":77}},"224":{"start":{"line":377,"column":78},"end":{"line":377,"column":98}},"225":{"start":{"line":378,"column":10},"end":{"line":378,"column":82}},"226":{"start":{"line":378,"column":31},"end":{"line":378,"column":58}},"227":{"start":{"line":378,"column":59},"end":{"line":378,"column":80}},"228":{"start":{"line":380,"column":10},"end":{"line":380,"column":100}},"229":{"start":{"line":380,"column":30},"end":{"line":380,"column":50}},"230":{"start":{"line":380,"column":51},"end":{"line":380,"column":77}},"231":{"start":{"line":380,"column":78},"end":{"line":380,"column":98}},"232":{"start":{"line":381,"column":10},"end":{"line":381,"column":100}},"233":{"start":{"line":381,"column":30},"end":{"line":381,"column":50}},"234":{"start":{"line":381,"column":51},"end":{"line":381,"column":77}},"235":{"start":{"line":381,"column":78},"end":{"line":381,"column":98}},"236":{"start":{"line":382,"column":10},"end":{"line":382,"column":82}},"237":{"start":{"line":382,"column":31},"end":{"line":382,"column":58}},"238":{"start":{"line":382,"column":59},"end":{"line":382,"column":80}},"239":{"start":{"line":383,"column":10},"end":{"line":383,"column":82}},"240":{"start":{"line":383,"column":31},"end":{"line":383,"column":58}},"241":{"start":{"line":383,"column":59},"end":{"line":383,"column":80}},"242":{"start":{"line":384,"column":10},"end":{"line":384,"column":85}},"243":{"start":{"line":384,"column":32},"end":{"line":384,"column":60}},"244":{"start":{"line":384,"column":61},"end":{"line":384,"column":83}},"245":{"start":{"line":386,"column":10},"end":{"line":386,"column":124}},"246":{"start":{"line":386,"column":36},"end":{"line":386,"column":62}},"247":{"start":{"line":386,"column":63},"end":{"line":386,"column":95}},"248":{"start":{"line":386,"column":96},"end":{"line":386,"column":122}},"249":{"start":{"line":387,"column":10},"end":{"line":387,"column":96}},"250":{"start":{"line":387,"column":29},"end":{"line":387,"column":48}},"251":{"start":{"line":387,"column":49},"end":{"line":387,"column":74}},"252":{"start":{"line":387,"column":75},"end":{"line":387,"column":94}},"253":{"start":{"line":388,"column":10},"end":{"line":388,"column":88}},"254":{"start":{"line":388,"column":33},"end":{"line":388,"column":62}},"255":{"start":{"line":388,"column":63},"end":{"line":388,"column":86}},"256":{"start":{"line":389,"column":10},"end":{"line":389,"column":88}},"257":{"start":{"line":389,"column":33},"end":{"line":389,"column":62}},"258":{"start":{"line":389,"column":63},"end":{"line":389,"column":86}},"259":{"start":{"line":390,"column":10},"end":{"line":390,"column":103}},"260":{"start":{"line":390,"column":38},"end":{"line":390,"column":72}},"261":{"start":{"line":390,"column":73},"end":{"line":390,"column":101}},"262":{"start":{"line":392,"column":10},"end":{"line":392,"column":108}},"263":{"start":{"line":392,"column":32},"end":{"line":392,"column":54}},"264":{"start":{"line":392,"column":55},"end":{"line":392,"column":83}},"265":{"start":{"line":392,"column":84},"end":{"line":392,"column":106}},"266":{"start":{"line":393,"column":10},"end":{"line":393,"column":96}},"267":{"start":{"line":393,"column":29},"end":{"line":393,"column":48}},"268":{"start":{"line":393,"column":49},"end":{"line":393,"column":74}},"269":{"start":{"line":393,"column":75},"end":{"line":393,"column":94}},"270":{"start":{"line":394,"column":10},"end":{"line":394,"column":85}},"271":{"start":{"line":394,"column":32},"end":{"line":394,"column":60}},"272":{"start":{"line":394,"column":61},"end":{"line":394,"column":83}},"273":{"start":{"line":395,"column":10},"end":{"line":395,"column":79}},"274":{"start":{"line":395,"column":30},"end":{"line":395,"column":56}},"275":{"start":{"line":395,"column":57},"end":{"line":395,"column":77}},"276":{"start":{"line":397,"column":10},"end":{"line":397,"column":88}},"277":{"start":{"line":397,"column":33},"end":{"line":397,"column":62}},"278":{"start":{"line":397,"column":63},"end":{"line":397,"column":86}},"279":{"start":{"line":398,"column":10},"end":{"line":398,"column":82}},"280":{"start":{"line":398,"column":31},"end":{"line":398,"column":58}},"281":{"start":{"line":398,"column":59},"end":{"line":398,"column":80}},"282":{"start":{"line":399,"column":10},"end":{"line":399,"column":88}},"283":{"start":{"line":399,"column":33},"end":{"line":399,"column":62}},"284":{"start":{"line":399,"column":63},"end":{"line":399,"column":86}},"285":{"start":{"line":403,"column":8},"end":{"line":403,"column":31}},"286":{"start":{"line":404,"column":8},"end":{"line":404,"column":18}},"287":{"start":{"line":410,"column":4},"end":{"line":412,"column":5}},"288":{"start":{"line":411,"column":6},"end":{"line":411,"column":42}},"289":{"start":{"line":413,"column":22},"end":{"line":413,"column":69}},"290":{"start":{"line":414,"column":4},"end":{"line":414,"column":51}},"291":{"start":{"line":415,"column":4},"end":{"line":415,"column":21}},"292":{"start":{"line":419,"column":17},"end":{"line":421,"column":null}},"293":{"start":{"line":423,"column":17},"end":{"line":423,"column":78}},"294":{"start":{"line":425,"column":4},"end":{"line":435,"column":6}},"295":{"start":{"line":14,"column":0},"end":{"line":14,"column":13}},"296":{"start":{"line":439,"column":13},"end":{"line":439,"column":45}}},"fnMap":{"0":{"name":"(anonymous_0)","decl":{"start":{"line":63,"column":2},"end":{"line":63,"column":17}},"loc":{"start":{"line":63,"column":2},"end":{"line":63,"column":18}}},"1":{"name":"(anonymous_1)","decl":{"start":{"line":65,"column":10},"end":{"line":65,"column":26}},"loc":{"start":{"line":65,"column":26},"end":{"line":82,"column":3}}},"2":{"name":"(anonymous_2)","decl":{"start":{"line":84,"column":9},"end":{"line":84,"column":23}},"loc":{"start":{"line":84,"column":23},"end":{"line":86,"column":3}}},"3":{"name":"(anonymous_3)","decl":{"start":{"line":88,"column":9},"end":{"line":88,"column":18}},"loc":{"start":{"line":88,"column":18},"end":{"line":90,"column":3}}},"4":{"name":"(anonymous_4)","decl":{"start":{"line":95,"column":9},"end":{"line":95,"column":14}},"loc":{"start":{"line":95,"column":59},"end":{"line":144,"column":3}}},"5":{"name":"(anonymous_5)","decl":{"start":{"line":146,"column":10},"end":{"line":146,"column":24}},"loc":{"start":{"line":146,"column":36},"end":{"line":160,"column":3}}},"6":{"name":"(anonymous_6)","decl":{"start":{"line":162,"column":10},"end":{"line":162,"column":31}},"loc":{"start":{"line":162,"column":43},"end":{"line":226,"column":3}}},"7":{"name":"(anonymous_7)","decl":{"start":{"line":228,"column":10},"end":{"line":228,"column":28}},"loc":{"start":{"line":228,"column":47},"end":{"line":301,"column":3}}},"8":{"name":"(anonymous_8)","decl":{"start":{"line":306,"column":9},"end":{"line":306,"column":25}},"loc":{"start":{"line":306,"column":68},"end":{"line":357,"column":3}}},"9":{"name":"(anonymous_9)","decl":{"start":{"line":362,"column":9},"end":{"line":362,"column":14}},"loc":{"start":{"line":362,"column":19},"end":{"line":407,"column":3}}},"10":{"name":"(anonymous_10)","decl":{"start":{"line":374,"column":23},"end":{"line":374,"column":24}},"loc":{"start":{"line":374,"column":35},"end":{"line":406,"column":5}}},"11":{"name":"(anonymous_11)","decl":{"start":{"line":375,"column":17},"end":{"line":375,"column":20}},"loc":{"start":{"line":375,"column":22},"end":{"line":405,"column":7}}},"12":{"name":"(anonymous_12)","decl":{"start":{"line":409,"column":9},"end":{"line":409,"column":24}},"loc":{"start":{"line":409,"column":24},"end":{"line":416,"column":3}}},"13":{"name":"(anonymous_13)","decl":{"start":{"line":418,"column":9},"end":{"line":418,"column":27}},"loc":{"start":{"line":418,"column":27},"end":{"line":436,"column":3}}}},"branchMap":{"0":{"loc":{"start":{"line":66,"column":4},"end":{"line":77,"column":5}},"type":"if","locations":[{"start":{"line":66,"column":4},"end":{"line":77,"column":5}},{"start":{},"end":{}}]},"1":{"loc":{"start":{"line":66,"column":8},"end":{"line":66,"column":58}},"type":"binary-expr","locations":[{"start":{"line":66,"column":8},"end":{"line":66,"column":22}},{"start":{"line":66,"column":26},"end":{"line":66,"column":58}}]},"2":{"loc":{"start":{"line":68,"column":8},"end":{"line":71,"column":12}},"type":"binary-expr","locations":[{"start":{"line":68,"column":9},"end":{"line":68,"column":38}},{"start":{"line":69,"column":11},"end":{"line":69,"column":30}},{"start":{"line":70,"column":13},"end":{"line":70,"column":97}},{"start":{"line":71,"column":8},"end":{"line":71,"column":12}}]},"3":{"loc":{"start":{"line":73,"column":6},"end":{"line":75,"column":7}},"type":"if","locations":[{"start":{"line":73,"column":6},"end":{"line":75,"column":7}},{"start":{},"end":{}}]},"4":{"loc":{"start":{"line":78,"column":4},"end":{"line":80,"column":5}},"type":"if","locations":[{"start":{"line":78,"column":4},"end":{"line":80,"column":5}},{"start":{},"end":{}}]},"5":{"loc":{"start":{"line":96,"column":4},"end":{"line":98,"column":5}},"type":"if","locations":[{"start":{"line":96,"column":4},"end":{"line":98,"column":5}},{"start":{},"end":{}}]},"6":{"loc":{"start":{"line":100,"column":4},"end":{"line":103,"column":5}},"type":"if","locations":[{"start":{"line":100,"column":4},"end":{"line":103,"column":5}},{"start":{},"end":{}}]},"7":{"loc":{"start":{"line":129,"column":4},"end":{"line":131,"column":5}},"type":"if","locations":[{"start":{"line":129,"column":4},"end":{"line":131,"column":5}},{"start":{},"end":{}}]},"8":{"loc":{"start":{"line":134,"column":4},"end":{"line":136,"column":5}},"type":"if","locations":[{"start":{"line":134,"column":4},"end":{"line":136,"column":5}},{"start":{},"end":{}}]},"9":{"loc":{"start":{"line":139,"column":4},"end":{"line":141,"column":5}},"type":"if","locations":[{"start":{"line":139,"column":4},"end":{"line":141,"column":5}},{"start":{},"end":{}}]},"10":{"loc":{"start":{"line":147,"column":4},"end":{"line":147,"column":51}},"type":"if","locations":[{"start":{"line":147,"column":4},"end":{"line":147,"column":51}},{"start":{},"end":{}}]},"11":{"loc":{"start":{"line":147,"column":8},"end":{"line":147,"column":42}},"type":"binary-expr","locations":[{"start":{"line":147,"column":8},"end":{"line":147,"column":22}},{"start":{"line":147,"column":26},"end":{"line":147,"column":42}}]},"12":{"loc":{"start":{"line":163,"column":4},"end":{"line":163,"column":51}},"type":"if","locations":[{"start":{"line":163,"column":4},"end":{"line":163,"column":51}},{"start":{},"end":{}}]},"13":{"loc":{"start":{"line":163,"column":8},"end":{"line":163,"column":42}},"type":"binary-expr","locations":[{"start":{"line":163,"column":8},"end":{"line":163,"column":22}},{"start":{"line":163,"column":26},"end":{"line":163,"column":42}}]},"14":{"loc":{"start":{"line":170,"column":4},"end":{"line":225,"column":5}},"type":"if","locations":[{"start":{"line":170,"column":4},"end":{"line":225,"column":5}},{"start":{"line":200,"column":11},"end":{"line":225,"column":5}}]},"15":{"loc":{"start":{"line":229,"column":4},"end":{"line":229,"column":70}},"type":"if","locations":[{"start":{"line":229,"column":4},"end":{"line":229,"column":70}},{"start":{},"end":{}}]},"16":{"loc":{"start":{"line":229,"column":8},"end":{"line":229,"column":61}},"type":"binary-expr","locations":[{"start":{"line":229,"column":8},"end":{"line":229,"column":22}},{"start":{"line":229,"column":26},"end":{"line":229,"column":42}},{"start":{"line":229,"column":46},"end":{"line":229,"column":61}}]},"17":{"loc":{"start":{"line":237,"column":4},"end":{"line":262,"column":5}},"type":"if","locations":[{"start":{"line":237,"column":4},"end":{"line":262,"column":5}},{"start":{"line":241,"column":11},"end":{"line":262,"column":5}}]},"18":{"loc":{"start":{"line":241,"column":11},"end":{"line":262,"column":5}},"type":"if","locations":[{"start":{"line":241,"column":11},"end":{"line":262,"column":5}},{"start":{"line":254,"column":11},"end":{"line":262,"column":5}}]},"19":{"loc":{"start":{"line":241,"column":15},"end":{"line":241,"column":49}},"type":"binary-expr","locations":[{"start":{"line":241,"column":15},"end":{"line":241,"column":30}},{"start":{"line":241,"column":34},"end":{"line":241,"column":49}}]},"20":{"loc":{"start":{"line":254,"column":11},"end":{"line":262,"column":5}},"type":"if","locations":[{"start":{"line":254,"column":11},"end":{"line":262,"column":5}},{"start":{},"end":{}}]},"21":{"loc":{"start":{"line":254,"column":15},"end":{"line":254,"column":51}},"type":"binary-expr","locations":[{"start":{"line":254,"column":15},"end":{"line":254,"column":31}},{"start":{"line":254,"column":35},"end":{"line":254,"column":51}}]},"22":{"loc":{"start":{"line":271,"column":4},"end":{"line":297,"column":5}},"type":"if","locations":[{"start":{"line":271,"column":4},"end":{"line":297,"column":5}},{"start":{"line":278,"column":11},"end":{"line":297,"column":5}}]},"23":{"loc":{"start":{"line":278,"column":11},"end":{"line":297,"column":5}},"type":"if","locations":[{"start":{"line":278,"column":11},"end":{"line":297,"column":5}},{"start":{"line":295,"column":11},"end":{"line":297,"column":5}}]},"24":{"loc":{"start":{"line":307,"column":4},"end":{"line":309,"column":5}},"type":"if","locations":[{"start":{"line":307,"column":4},"end":{"line":309,"column":5}},{"start":{},"end":{}}]},"25":{"loc":{"start":{"line":310,"column":4},"end":{"line":310,"column":50}},"type":"if","locations":[{"start":{"line":310,"column":4},"end":{"line":310,"column":50}},{"start":{},"end":{}}]},"26":{"loc":{"start":{"line":310,"column":8},"end":{"line":310,"column":41}},"type":"binary-expr","locations":[{"start":{"line":310,"column":8},"end":{"line":310,"column":23}},{"start":{"line":310,"column":27},"end":{"line":310,"column":41}}]},"27":{"loc":{"start":{"line":316,"column":4},"end":{"line":319,"column":5}},"type":"if","locations":[{"start":{"line":316,"column":4},"end":{"line":319,"column":5}},{"start":{},"end":{}}]},"28":{"loc":{"start":{"line":322,"column":4},"end":{"line":325,"column":5}},"type":"if","locations":[{"start":{"line":322,"column":4},"end":{"line":325,"column":5}},{"start":{},"end":{}}]},"29":{"loc":{"start":{"line":323,"column":16},"end":{"line":323,"column":93}},"type":"cond-expr","locations":[{"start":{"line":323,"column":49},"end":{"line":323,"column":84}},{"start":{"line":323,"column":87},"end":{"line":323,"column":93}}]},"30":{"loc":{"start":{"line":326,"column":4},"end":{"line":329,"column":5}},"type":"if","locations":[{"start":{"line":326,"column":4},"end":{"line":329,"column":5}},{"start":{},"end":{}}]},"31":{"loc":{"start":{"line":332,"column":4},"end":{"line":335,"column":5}},"type":"if","locations":[{"start":{"line":332,"column":4},"end":{"line":335,"column":5}},{"start":{},"end":{}}]},"32":{"loc":{"start":{"line":333,"column":16},"end":{"line":333,"column":107}},"type":"cond-expr","locations":[{"start":{"line":333,"column":56},"end":{"line":333,"column":98}},{"start":{"line":333,"column":101},"end":{"line":333,"column":107}}]},"33":{"loc":{"start":{"line":336,"column":4},"end":{"line":350,"column":5}},"type":"if","locations":[{"start":{"line":336,"column":4},"end":{"line":350,"column":5}},{"start":{"line":343,"column":11},"end":{"line":350,"column":5}}]},"34":{"loc":{"start":{"line":341,"column":6},"end":{"line":341,"column":94}},"type":"if","locations":[{"start":{"line":341,"column":6},"end":{"line":341,"column":94}},{"start":{},"end":{}}]},"35":{"loc":{"start":{"line":342,"column":6},"end":{"line":342,"column":95}},"type":"if","locations":[{"start":{"line":342,"column":6},"end":{"line":342,"column":95}},{"start":{},"end":{}}]},"36":{"loc":{"start":{"line":344,"column":6},"end":{"line":346,"column":7}},"type":"if","locations":[{"start":{"line":344,"column":6},"end":{"line":346,"column":7}},{"start":{},"end":{}}]},"37":{"loc":{"start":{"line":347,"column":6},"end":{"line":349,"column":7}},"type":"if","locations":[{"start":{"line":347,"column":6},"end":{"line":349,"column":7}},{"start":{},"end":{}}]},"38":{"loc":{"start":{"line":353,"column":4},"end":{"line":356,"column":5}},"type":"if","locations":[{"start":{"line":353,"column":4},"end":{"line":356,"column":5}},{"start":{},"end":{}}]},"39":{"loc":{"start":{"line":354,"column":16},"end":{"line":354,"column":110}},"type":"cond-expr","locations":[{"start":{"line":354,"column":61},"end":{"line":354,"column":101}},{"start":{"line":354,"column":104},"end":{"line":354,"column":110}}]},"40":{"loc":{"start":{"line":363,"column":4},"end":{"line":363,"column":50}},"type":"if","locations":[{"start":{"line":363,"column":4},"end":{"line":363,"column":50}},{"start":{},"end":{}}]},"41":{"loc":{"start":{"line":363,"column":8},"end":{"line":363,"column":41}},"type":"binary-expr","locations":[{"start":{"line":363,"column":8},"end":{"line":363,"column":23}},{"start":{"line":363,"column":27},"end":{"line":363,"column":41}}]},"42":{"loc":{"start":{"line":369,"column":4},"end":{"line":372,"column":5}},"type":"if","locations":[{"start":{"line":369,"column":4},"end":{"line":372,"column":5}},{"start":{},"end":{}}]},"43":{"loc":{"start":{"line":377,"column":10},"end":{"line":377,"column":100}},"type":"if","locations":[{"start":{"line":377,"column":10},"end":{"line":377,"column":100}},{"start":{},"end":{}}]},"44":{"loc":{"start":{"line":378,"column":10},"end":{"line":378,"column":82}},"type":"if","locations":[{"start":{"line":378,"column":10},"end":{"line":378,"column":82}},{"start":{},"end":{}}]},"45":{"loc":{"start":{"line":380,"column":10},"end":{"line":380,"column":100}},"type":"if","locations":[{"start":{"line":380,"column":10},"end":{"line":380,"column":100}},{"start":{},"end":{}}]},"46":{"loc":{"start":{"line":381,"column":10},"end":{"line":381,"column":100}},"type":"if","locations":[{"start":{"line":381,"column":10},"end":{"line":381,"column":100}},{"start":{},"end":{}}]},"47":{"loc":{"start":{"line":382,"column":10},"end":{"line":382,"column":82}},"type":"if","locations":[{"start":{"line":382,"column":10},"end":{"line":382,"column":82}},{"start":{},"end":{}}]},"48":{"loc":{"start":{"line":383,"column":10},"end":{"line":383,"column":82}},"type":"if","locations":[{"start":{"line":383,"column":10},"end":{"line":383,"column":82}},{"start":{},"end":{}}]},"49":{"loc":{"start":{"line":384,"column":10},"end":{"line":384,"column":85}},"type":"if","locations":[{"start":{"line":384,"column":10},"end":{"line":384,"column":85}},{"start":{},"end":{}}]},"50":{"loc":{"start":{"line":386,"column":10},"end":{"line":386,"column":124}},"type":"if","locations":[{"start":{"line":386,"column":10},"end":{"line":386,"column":124}},{"start":{},"end":{}}]},"51":{"loc":{"start":{"line":387,"column":10},"end":{"line":387,"column":96}},"type":"if","locations":[{"start":{"line":387,"column":10},"end":{"line":387,"column":96}},{"start":{},"end":{}}]},"52":{"loc":{"start":{"line":388,"column":10},"end":{"line":388,"column":88}},"type":"if","locations":[{"start":{"line":388,"column":10},"end":{"line":388,"column":88}},{"start":{},"end":{}}]},"53":{"loc":{"start":{"line":389,"column":10},"end":{"line":389,"column":88}},"type":"if","locations":[{"start":{"line":389,"column":10},"end":{"line":389,"column":88}},{"start":{},"end":{}}]},"54":{"loc":{"start":{"line":390,"column":10},"end":{"line":390,"column":103}},"type":"if","locations":[{"start":{"line":390,"column":10},"end":{"line":390,"column":103}},{"start":{},"end":{}}]},"55":{"loc":{"start":{"line":392,"column":10},"end":{"line":392,"column":108}},"type":"if","locations":[{"start":{"line":392,"column":10},"end":{"line":392,"column":108}},{"start":{},"end":{}}]},"56":{"loc":{"start":{"line":393,"column":10},"end":{"line":393,"column":96}},"type":"if","locations":[{"start":{"line":393,"column":10},"end":{"line":393,"column":96}},{"start":{},"end":{}}]},"57":{"loc":{"start":{"line":394,"column":10},"end":{"line":394,"column":85}},"type":"if","locations":[{"start":{"line":394,"column":10},"end":{"line":394,"column":85}},{"start":{},"end":{}}]},"58":{"loc":{"start":{"line":395,"column":10},"end":{"line":395,"column":79}},"type":"if","locations":[{"start":{"line":395,"column":10},"end":{"line":395,"column":79}},{"start":{},"end":{}}]},"59":{"loc":{"start":{"line":397,"column":10},"end":{"line":397,"column":88}},"type":"if","locations":[{"start":{"line":397,"column":10},"end":{"line":397,"column":88}},{"start":{},"end":{}}]},"60":{"loc":{"start":{"line":398,"column":10},"end":{"line":398,"column":82}},"type":"if","locations":[{"start":{"line":398,"column":10},"end":{"line":398,"column":82}},{"start":{},"end":{}}]},"61":{"loc":{"start":{"line":399,"column":10},"end":{"line":399,"column":88}},"type":"if","locations":[{"start":{"line":399,"column":10},"end":{"line":399,"column":88}},{"start":{},"end":{}}]},"62":{"loc":{"start":{"line":410,"column":4},"end":{"line":412,"column":5}},"type":"if","locations":[{"start":{"line":410,"column":4},"end":{"line":412,"column":5}},{"start":{},"end":{}}]}},"s":{"0":1,"1":1,"2":1,"3":1,"4":1,"5":1,"6":1,"7":1,"8":1,"9":1,"10":1,"11":1,"12":1,"13":1,"14":1,"15":1,"16":1,"17":1,"18":1,"19":1,"20":1,"21":1,"22":1,"23":0,"24":0,"25":0,"26":0,"27":0,"28":0,"29":0,"30":0,"31":1,"32":1,"33":0,"34":0,"35":0,"36":0,"37":0,"38":0,"39":0,"40":0,"41":0,"42":0,"43":0,"44":0,"45":0,"46":0,"47":0,"48":0,"49":0,"50":0,"51":0,"52":0,"53":0,"54":0,"55":0,"56":0,"57":0,"58":0,"59":0,"60":0,"61":0,"62":0,"63":0,"64":0,"65":0,"66":0,"67":0,"68":0,"69":0,"70":0,"71":0,"72":0,"73":0,"74":0,"75":0,"76":0,"77":0,"78":0,"79":0,"80":0,"81":0,"82":0,"83":0,"84":0,"85":0,"86":0,"87":0,"88":0,"89":0,"90":0,"91":0,"92":0,"93":0,"94":0,"95":0,"96":0,"97":0,"98":0,"99":0,"100":0,"101":0,"102":0,"103":0,"104":0,"105":0,"106":0,"107":0,"108":0,"109":0,"110":0,"111":0,"112":0,"113":0,"114":0,"115":0,"116":0,"117":0,"118":0,"119":0,"120":0,"121":0,"122":0,"123":0,"124":0,"125":0,"126":0,"127":0,"128":0,"129":0,"130":0,"131":0,"132":0,"133":0,"134":0,"135":0,"136":0,"137":0,"138":0,"139":0,"140":0,"141":0,"142":0,"143":0,"144":0,"145":0,"146":0,"147":0,"148":0,"149":0,"150":0,"151":0,"152":0,"153":0,"154":0,"155":0,"156":0,"157":0,"158":0,"159":0,"160":0,"161":0,"162":0,"163":0,"164":0,"165":0,"166":0,"167":0,"168":0,"169":0,"170":0,"171":0,"172":0,"173":0,"174":0,"175":0,"176":0,"177":0,"178":0,"179":0,"180":0,"181":0,"182":0,"183":0,"184":0,"185":0,"186":0,"187":0,"188":0,"189":0,"190":0,"191":0,"192":0,"193":0,"194":0,"195":0,"196":0,"197":0,"198":0,"199":0,"200":0,"201":0,"202":0,"203":0,"204":0,"205":0,"206":0,"207":0,"208":0,"209":0,"210":0,"211":0,"212":0,"213":0,"214":0,"215":0,"216":0,"217":0,"218":0,"219":0,"220":0,"221":0,"222":0,"223":0,"224":0,"225":0,"226":0,"227":0,"228":0,"229":0,"230":0,"231":0,"232":0,"233":0,"234":0,"235":0,"236":0,"237":0,"238":0,"239":0,"240":0,"241":0,"242":0,"243":0,"244":0,"245":0,"246":0,"247":0,"248":0,"249":0,"250":0,"251":0,"252":0,"253":0,"254":0,"255":0,"256":0,"257":0,"258":0,"259":0,"260":0,"261":0,"262":0,"263":0,"264":0,"265":0,"266":0,"267":0,"268":0,"269":0,"270":0,"271":0,"272":0,"273":0,"274":0,"275":0,"276":0,"277":0,"278":0,"279":0,"280":0,"281":0,"282":0,"283":0,"284":0,"285":0,"286":0,"287":1,"288":1,"289":0,"290":0,"291":0,"292":1,"293":1,"294":1,"295":1,"296":1},"f":{"0":1,"1":0,"2":1,"3":1,"4":0,"5":0,"6":0,"7":0,"8":0,"9":0,"10":0,"11":0,"12":1,"13":1},"b":{"0":[0,0],"1":[0,0],"2":[0,0,0,0],"3":[0,0],"4":[0,0],"5":[0,0],"6":[0,0],"7":[0,0],"8":[0,0],"9":[0,0],"10":[0,0],"11":[0,0],"12":[0,0],"13":[0,0],"14":[0,0],"15":[0,0],"16":[0,0,0],"17":[0,0],"18":[0,0],"19":[0,0],"20":[0,0],"21":[0,0],"22":[0,0],"23":[0,0],"24":[0,0],"25":[0,0],"26":[0,0],"27":[0,0],"28":[0,0],"29":[0,0],"30":[0,0],"31":[0,0],"32":[0,0],"33":[0,0],"34":[0,0],"35":[0,0],"36":[0,0],"37":[0,0],"38":[0,0],"39":[0,0],"40":[0,0],"41":[0,0],"42":[0,0],"43":[0,0],"44":[0,0],"45":[0,0],"46":[0,0],"47":[0,0],"48":[0,0],"49":[0,0],"50":[0,0],"51":[0,0],"52":[0,0],"53":[0,0],"54":[0,0],"55":[0,0],"56":[0,0],"57":[0,0],"58":[0,0],"59":[0,0],"60":[0,0],"61":[0,0],"62":[1,0]}}
,"C:\\Users\\omega\\.gemini\\antigravity\\scratch\\AuraFreq-iOS\\src\\constants\\presets.ts": {"path":"C:\\Users\\omega\\.gemini\\antigravity\\scratch\\AuraFreq-iOS\\src\\constants\\presets.ts","statementMap":{"0":{"start":{"line":29,"column":13},"end":{"line":35,"column":2}},"1":{"start":{"line":37,"column":13},"end":{"line":52,"column":2}}},"fnMap":{},"branchMap":{},"s":{"0":1,"1":1},"f":{},"b":{}}
}
