TN:
SF:src\audio\binauralMath.ts
FN:27,calculateBinauralFrequencies
FN:40,(anonymous_1)
FN:59,calculateIsochronicPulse
FN:67,(anonymous_3)
FN:86,validateFrequencyGate1
FN:94,validateStereoIsolationGate2
FN:101,calculateEnvelopeRamp
FN:123,validateMultiLayerSafety
FNF:8
FNH:8
FNDA:13,calculateBinauralFrequencies
FNDA:47,(anonymous_1)
FNDA:2,calculateIsochronicPulse
FNDA:5,(anonymous_3)
FNDA:1,validateFrequencyGate1
FNDA:5,validateStereoIsolationGate2
FNDA:6,calculateEnvelopeRamp
FNDA:9,validateMultiLayerSafety
DA:1,1
DA:27,1
DA:31,13
DA:32,13
DA:34,13
DA:35,13
DA:36,13
DA:39,13
DA:40,47
DA:43,13
DA:45,13
DA:59,1
DA:63,2
DA:64,2
DA:66,2
DA:67,5
DA:70,2
DA:71,2
DA:73,2
DA:86,1
DA:87,1
DA:88,1
DA:94,1
DA:95,5
DA:101,1
DA:106,6
DA:107,6
DA:108,6
DA:110,6
DA:111,66
DA:113,66
DA:114,66
DA:117,6
DA:123,1
DA:130,9
DA:132,7
DA:133,5
DA:134,4
DA:135,3
LF:39
LH:39
BRDA:39,0,0,13
BRDA:39,0,1,4
BRDA:40,1,0,47
BRDA:40,1,1,37
BRDA:66,2,0,2
BRDA:66,2,1,0
BRDA:67,3,0,5
BRDA:67,3,1,5
BRDA:95,4,0,5
BRDA:95,4,1,4
BRDA:95,4,2,2
BRDA:104,5,0,0
BRDA:130,6,0,2
BRDA:130,6,1,7
BRDA:130,7,0,9
BRDA:130,7,1,8
BRDA:132,8,0,2
BRDA:132,8,1,5
BRDA:132,9,0,7
BRDA:132,9,1,6
BRDA:133,10,0,1
BRDA:133,10,1,4
BRDA:133,11,0,5
BRDA:133,11,1,4
BRDA:134,12,0,1
BRDA:134,12,1,3
BRDA:134,13,0,4
BRDA:134,13,1,3
BRF:28
BRH:26
end_of_record
TN:
SF:src\audio\dspEngine.ts
FN:63,(anonymous_0)
FN:65,(anonymous_1)
FN:84,(anonymous_2)
FN:88,(anonymous_3)
FN:95,(anonymous_4)
FN:146,(anonymous_5)
FN:162,(anonymous_6)
FN:228,(anonymous_7)
FN:306,(anonymous_8)
FN:362,(anonymous_9)
FN:374,(anonymous_10)
FN:375,(anonymous_11)
FN:409,(anonymous_12)
FN:418,(anonymous_13)
FNF:14
FNH:5
FNDA:1,(anonymous_0)
FNDA:0,(anonymous_1)
FNDA:1,(anonymous_2)
FNDA:1,(anonymous_3)
FNDA:0,(anonymous_4)
FNDA:0,(anonymous_5)
FNDA:0,(anonymous_6)
FNDA:0,(anonymous_7)
FNDA:0,(anonymous_8)
FNDA:0,(anonymous_9)
FNDA:0,(anonymous_10)
FNDA:0,(anonymous_11)
FNDA:1,(anonymous_12)
FNDA:1,(anonymous_13)
DA:8,1
DA:14,1
DA:15,1
DA:16,1
DA:19,1
DA:20,1
DA:21,1
DA:24,1
DA:25,1
DA:28,1
DA:30,1
DA:31,1
DA:32,1
DA:33,1
DA:34,1
DA:36,1
DA:37,1
DA:38,1
DA:39,1
DA:42,1
DA:43,1
DA:44,1
DA:45,1
DA:47,1
DA:66,0
DA:68,0
DA:73,0
DA:74,0
DA:76,0
DA:78,0
DA:79,0
DA:81,0
DA:85,1
DA:89,1
DA:96,0
DA:97,0
DA:100,0
DA:102,0
DA:105,0
DA:106,0
DA:109,0
DA:110,0
DA:111,0
DA:112,0
DA:113,0
DA:114,0
DA:116,0
DA:117,0
DA:118,0
DA:119,0
DA:121,0
DA:122,0
DA:124,0
DA:125,0
DA:126,0
DA:129,0
DA:130,0
DA:134,0
DA:135,0
DA:139,0
DA:140,0
DA:143,0
DA:147,0
DA:148,0
DA:150,0
DA:151,0
DA:152,0
DA:154,0
DA:155,0
DA:157,0
DA:158,0
DA:159,0
DA:163,0
DA:164,0
DA:166,0
DA:167,0
DA:168,0
DA:170,0
DA:172,0
DA:177,0
DA:179,0
DA:180,0
DA:181,0
DA:183,0
DA:184,0
DA:185,0
DA:186,0
DA:188,0
DA:189,0
DA:190,0
DA:192,0
DA:193,0
DA:194,0
DA:195,0
DA:197,0
DA:198,0
DA:199,0
DA:202,0
DA:203,0
DA:204,0
DA:206,0
DA:207,0
DA:210,0
DA:211,0
DA:212,0
DA:214,0
DA:215,0
DA:217,0
DA:218,0
DA:220,0
DA:221,0
DA:223,0
DA:224,0
DA:229,0
DA:230,0
DA:231,0
DA:233,0
DA:234,0
DA:235,0
DA:237,0
DA:238,0
DA:239,0
DA:241,0
DA:242,0
DA:243,0
DA:244,0
DA:245,0
DA:246,0
DA:247,0
DA:248,0
DA:249,0
DA:250,0
DA:251,0
DA:252,0
DA:254,0
DA:255,0
DA:256,0
DA:257,0
DA:258,0
DA:259,0
DA:260,0
DA:264,0
DA:265,0
DA:266,0
DA:268,0
DA:269,0
DA:271,0
DA:273,0
DA:274,0
DA:275,0
DA:276,0
DA:277,0
DA:278,0
DA:280,0
DA:281,0
DA:282,0
DA:284,0
DA:285,0
DA:287,0
DA:288,0
DA:289,0
DA:290,0
DA:291,0
DA:293,0
DA:294,0
DA:296,0
DA:299,0
DA:300,0
DA:307,0
DA:308,0
DA:310,0
DA:312,0
DA:313,0
DA:316,0
DA:317,0
DA:318,0
DA:322,0
DA:323,0
DA:324,0
DA:326,0
DA:327,0
DA:328,0
DA:332,0
DA:333,0
DA:334,0
DA:336,0
DA:337,0
DA:341,0
DA:342,0
DA:344,0
DA:345,0
DA:347,0
DA:348,0
DA:353,0
DA:354,0
DA:355,0
DA:363,0
DA:365,0
DA:366,0
DA:367,0
DA:369,0
DA:370,0
DA:371,0
DA:374,0
DA:375,0
DA:376,0
DA:377,0
DA:378,0
DA:380,0
DA:381,0
DA:382,0
DA:383,0
DA:384,0
DA:386,0
DA:387,0
DA:388,0
DA:389,0
DA:390,0
DA:392,0
DA:393,0
DA:394,0
DA:395,0
DA:397,0
DA:398,0
DA:399,0
DA:403,0
DA:404,0
DA:410,1
DA:411,1
DA:413,0
DA:414,0
DA:415,0
DA:419,1
DA:423,1
DA:425,1
DA:439,1
LF:236
LH:32
BRDA:66,0,0,0
BRDA:66,0,1,0
BRDA:66,1,0,0
BRDA:66,1,1,0
BRDA:68,2,0,0
BRDA:68,2,1,0
BRDA:68,2,2,0
BRDA:68,2,3,0
BRDA:73,3,0,0
BRDA:73,3,1,0
BRDA:78,4,0,0
BRDA:78,4,1,0
BRDA:96,5,0,0
BRDA:96,5,1,0
BRDA:100,6,0,0
BRDA:100,6,1,0
BRDA:129,7,0,0
BRDA:129,7,1,0
BRDA:134,8,0,0
BRDA:134,8,1,0
BRDA:139,9,0,0
BRDA:139,9,1,0
BRDA:147,10,0,0
BRDA:147,10,1,0
BRDA:147,11,0,0
BRDA:147,11,1,0
BRDA:163,12,0,0
BRDA:163,12,1,0
BRDA:163,13,0,0
BRDA:163,13,1,0
BRDA:170,14,0,0
BRDA:170,14,1,0
BRDA:229,15,0,0
BRDA:229,15,1,0
BRDA:229,16,0,0
BRDA:229,16,1,0
BRDA:229,16,2,0
BRDA:237,17,0,0
BRDA:237,17,1,0
BRDA:241,18,0,0
BRDA:241,18,1,0
BRDA:241,19,0,0
BRDA:241,19,1,0
BRDA:254,20,0,0
BRDA:254,20,1,0
BRDA:254,21,0,0
BRDA:254,21,1,0
BRDA:271,22,0,0
BRDA:271,22,1,0
BRDA:278,23,0,0
BRDA:278,23,1,0
BRDA:307,24,0,0
BRDA:307,24,1,0
BRDA:310,25,0,0
BRDA:310,25,1,0
BRDA:310,26,0,0
BRDA:310,26,1,0
BRDA:316,27,0,0
BRDA:316,27,1,0
BRDA:322,28,0,0
BRDA:322,28,1,0
BRDA:323,29,0,0
BRDA:323,29,1,0
BRDA:326,30,0,0
BRDA:326,30,1,0
BRDA:332,31,0,0
BRDA:332,31,1,0
BRDA:333,32,0,0
BRDA:333,32,1,0
BRDA:336,33,0,0
BRDA:336,33,1,0
BRDA:341,34,0,0
BRDA:341,34,1,0
BRDA:342,35,0,0
BRDA:342,35,1,0
BRDA:344,36,0,0
BRDA:344,36,1,0
BRDA:347,37,0,0
BRDA:347,37,1,0
BRDA:353,38,0,0
BRDA:353,38,1,0
BRDA:354,39,0,0
BRDA:354,39,1,0
BRDA:363,40,0,0
BRDA:363,40,1,0
BRDA:363,41,0,0
BRDA:363,41,1,0
BRDA:369,42,0,0
BRDA:369,42,1,0
BRDA:377,43,0,0
BRDA:377,43,1,0
BRDA:378,44,0,0
BRDA:378,44,1,0
BRDA:380,45,0,0
BRDA:380,45,1,0
BRDA:381,46,0,0
BRDA:381,46,1,0
BRDA:382,47,0,0
BRDA:382,47,1,0
BRDA:383,48,0,0
BRDA:383,48,1,0
BRDA:384,49,0,0
BRDA:384,49,1,0
BRDA:386,50,0,0
BRDA:386,50,1,0
BRDA:387,51,0,0
BRDA:387,51,1,0
BRDA:388,52,0,0
BRDA:388,52,1,0
BRDA:389,53,0,0
BRDA:389,53,1,0
BRDA:390,54,0,0
BRDA:390,54,1,0
BRDA:392,55,0,0
BRDA:392,55,1,0
BRDA:393,56,0,0
BRDA:393,56,1,0
BRDA:394,57,0,0
BRDA:394,57,1,0
BRDA:395,58,0,0
BRDA:395,58,1,0
BRDA:397,59,0,0
BRDA:397,59,1,0
BRDA:398,60,0,0
BRDA:398,60,1,0
BRDA:399,61,0,0
BRDA:399,61,1,0
BRDA:410,62,0,1
BRDA:410,62,1,0
BRF:129
BRH:1
end_of_record
TN:
SF:src\constants\presets.ts
FNF:0
FNH:0
DA:29,1
DA:37,1
LF:2
LH:2
BRF:0
BRH:0
end_of_record
